<?xml version="1.0" encoding="UTF-8"?>
<!-- Generated by org.testng.reporters.JUnitXMLReporter -->
<testsuite hostname="VAIO" ignored="0" name="Different Testng feature Test" tests="19" failures="1" timestamp="07 Feb 2019 11:49:49 GMT" time="56.298" errors="0">
  <testcase name="googleLogoTest" time="0.01" classname="com.test.TestNGBasics"/>
  <testcase name="googleSearchTest" time="0.005" classname="com.test.TestNGBasics"/>
  <testcase name="googleTitleTest" time="0.005" classname="com.test.TestNGBasics"/>
  <testcase name="loginTest" time="0.0" classname="com.test.TestngFeature">
    <failure type="java.lang.ArithmeticException" message="/ by zero">
      <![CDATA[java.lang.ArithmeticException: / by zero
at com.test.TestngFeature.loginTest(TestngFeature.java:10)
... Removed 25 stack frames]]>
    </failure>
  </testcase> <!-- loginTest -->
  <testcase name="RegPageTest" time="0.0" classname="com.test.TestngFeature">
    <skipped/>
  </testcase> <!-- RegPageTest -->
  <testcase name="SearchPageTest" time="0.0" classname="com.test.TestngFeature">
    <skipped/>
  </testcase> <!-- SearchPageTest -->
  <testcase name="sum" time="0.005" classname="com.test.InvocationCountTest"/>
  <testcase name="sum" time="0.005" classname="com.test.InvocationCountTest"/>
  <testcase name="sum" time="0.005" classname="com.test.InvocationCountTest"/>
  <testcase name="sum" time="0.005" classname="com.test.InvocationCountTest"/>
  <testcase name="sum" time="0.005" classname="com.test.InvocationCountTest"/>
  <testcase name="sum" time="0.005" classname="com.test.InvocationCountTest"/>
  <testcase name="sum" time="0.005" classname="com.test.InvocationCountTest"/>
  <testcase name="sum" time="0.005" classname="com.test.InvocationCountTest"/>
  <testcase name="sum" time="0.0" classname="com.test.InvocationCountTest"/>
  <testcase name="sum" time="0.0" classname="com.test.InvocationCountTest"/>
  <testcase name="googleTestTitle" time="0.039" classname="com.test.GoogleTest"/>
  <testcase name="googlelogoTest" time="0.205" classname="com.test.GoogleTest"/>
  <testcase name="mailLinkTest" time="0.075" classname="com.test.GoogleTest"/>
</testsuite> <!-- Different Testng feature Test -->
